<?xml version="1.0" encoding="UTF-8" ?>
<testsuite errors="0" failures="0" hostname="aluno-Unipe" name="com.br.fabsolutionsw.luanareis.TestValores" skipped="0" tests="2" time="0.411" timestamp="2019-09-28T07:17:23">
  <properties>
    <property name="sun.desktop" value="gnome" />
    <property name="build.test.dir" value="/home/aluno/eclipse-workspace/LuanaReisProjeto/bin/tests" />
    <property name="ant.library.dir" value="/home/aluno/.p2/pool/plugins/org.apache.ant_1.10.5.v20190526-1402/lib" />
    <property name="awt.toolkit" value="sun.awt.X11.XToolkit" />
    <property name="java.specification.version" value="11" />
    <property name="ant.project.name" value="LuanaReisProjeto" />
    <property name="sun.cpu.isalist" value="" />
    <property name="sun.jnu.encoding" value="UTF-8" />
    <property name="java.class.path" value="/home/aluno/eclipse-workspace/LuanaReisProjeto/junit-4.13-beta-3.jar:/home/aluno/eclipse-workspace/LuanaReisProjeto/hamcrest-core-1.3.jar:/home/aluno/eclipse-workspace/LuanaReisProjeto/bin:/home/aluno/eclipse-workspace/LuanaReisProjeto/bin/tests:/home/aluno/.p2/pool/plugins/org.apache.ant_1.10.5.v20190526-1402/lib/ant-launcher.jar:/home/aluno/.p2/pool/plugins/org.apache.ant_1.10.5.v20190526-1402/lib/ant.jar:/home/aluno/.p2/pool/plugins/org.apache.ant_1.10.5.v20190526-1402/lib/ant-junit.jar:/home/aluno/.p2/pool/plugins/org.apache.ant_1.10.5.v20190526-1402/lib/ant-junit4.jar" />
    <property name="java.vm.vendor" value="Ubuntu" />
    <property name="jar.dir" value="/home/aluno/eclipse-workspace/LuanaReisProjeto/jar" />
    <property name="sun.arch.data.model" value="64" />
    <property name="java.vendor.url" value="https://ubuntu.com/" />
    <property name="user.timezone" value="" />
    <property name="source.dir" value="/home/aluno/eclipse-workspace/LuanaReisProjeto/src" />
    <property name="java.vm.specification.version" value="11" />
    <property name="os.name" value="Linux" />
    <property name="sun.java.launcher" value="SUN_STANDARD" />
    <property name="user.country" value="BR" />
    <property name="ant.file.LuanaReisProjeto" value="/home/aluno/eclipse-workspace/LuanaReisProjeto/build03.xml" />
    <property name="sun.boot.library.path" value="/usr/lib/jvm/java-11-openjdk-amd64/lib" />
    <property name="sun.java.command" value="org.apache.tools.ant.taskdefs.optional.junit.JUnitTestRunner com.br.fabsolutionsw.luanareis.TestValores skipNonTests=false filtertrace=true haltOnError=false haltOnFailure=true formatter=org.apache.tools.ant.taskdefs.optional.junit.SummaryJUnitResultFormatter showoutput=false outputtoformatters=true logfailedtests=true threadid=0 logtestlistenerevents=false formatter=org.apache.tools.ant.taskdefs.optional.junit.XMLJUnitResultFormatter,/home/aluno/eclipse-workspace/LuanaReisProjeto/testreport/TEST-com.br.fabsolutionsw.luanareis.TestValores.xml crashfile=/home/aluno/eclipse-workspace/LuanaReisProjeto/junitvmwatcher12633638977392211993.properties propsfile=/home/aluno/eclipse-workspace/LuanaReisProjeto/junit15637688906609135877.properties" />
    <property name="jdk.debug" value="release" />
    <property name="sun.cpu.endian" value="little" />
    <property name="user.home" value="/home/aluno" />
    <property name="user.language" value="pt" />
    <property name="java.specification.vendor" value="Oracle Corporation" />
    <property name="java.version.date" value="2019-07-16" />
    <property name="java.home" value="/usr/lib/jvm/java-11-openjdk-amd64" />
    <property name="basedir" value="/home/aluno/eclipse-workspace/LuanaReisProjeto" />
    <property name="file.separator" value="/" />
    <property name="java.vm.compressedOopsMode" value="32-bit" />
    <property name="line.separator" value="&#xa;" />
    <property name="ant.java.version" value="11" />
    <property name="java.specification.name" value="Java Platform API Specification" />
    <property name="java.vm.specification.vendor" value="Oracle Corporation" />
    <property name="doc.dir" value="/home/aluno/eclipse-workspace/LuanaReisProjeto/doc" />
    <property name="java.awt.graphicsenv" value="sun.awt.X11GraphicsEnvironment" />
    <property name="test.report.dir" value="/home/aluno/eclipse-workspace/LuanaReisProjeto/testreport" />
    <property name="sun.management.compiler" value="HotSpot 64-Bit Tiered Compilers" />
    <property name="java.runtime.version" value="11.0.4+11-post-Ubuntu-1ubuntu218.04.3" />
    <property name="user.name" value="aluno" />
    <property name="ant.file" value="/home/aluno/eclipse-workspace/LuanaReisProjeto/build03.xml" />
    <property name="path.separator" value=":" />
    <property name="os.version" value="4.15.0-62-generic" />
    <property name="java.runtime.name" value="OpenJDK Runtime Environment" />
    <property name="file.encoding" value="UTF-8" />
    <property name="ant.project.invoked-targets" value="main" />
    <property name="java.vm.name" value="OpenJDK 64-Bit Server VM" />
    <property name="build.dir" value="/home/aluno/eclipse-workspace/LuanaReisProjeto/bin" />
    <property name="ant.core.lib" value="/home/aluno/.p2/pool/plugins/org.apache.ant_1.10.5.v20190526-1402/lib/ant.jar" />
    <property name="java.vendor.url.bug" value="https://bugs.launchpad.net/ubuntu/+source/openjdk-lts" />
    <property name="java.io.tmpdir" value="/tmp" />
    <property name="java.version" value="11.0.4" />
    <property name="user.dir" value="/home/aluno/eclipse-workspace/LuanaReisProjeto" />
    <property name="os.arch" value="amd64" />
    <property name="java.vm.specification.name" value="Java Virtual Machine Specification" />
    <property name="java.awt.printerjob" value="sun.print.PSPrinterJob" />
    <property name="ant.home" value="/home/aluno/.p2/pool/plugins/org.apache.ant_1.10.5.v20190526-1402" />
    <property name="sun.os.patch.level" value="unknown" />
    <property name="ant.file.type.LuanaReisProjeto" value="file" />
    <property name="ant.version" value="Apache Ant(TM) version 1.10.5 compiled on July 10 2018" />
    <property name="java.library.path" value="/usr/java/packages/lib:/usr/lib/x86_64-linux-gnu/jni:/lib/x86_64-linux-gnu:/usr/lib/x86_64-linux-gnu:/usr/lib/jni:/lib:/usr/lib" />
    <property name="java.vm.info" value="mixed mode, sharing" />
    <property name="java.vendor" value="Ubuntu" />
    <property name="java.vm.version" value="11.0.4+11-post-Ubuntu-1ubuntu218.04.3" />
    <property name="sun.io.unicode.encoding" value="UnicodeLittle" />
    <property name="java.class.version" value="55.0" />
    <property name="ant.project.default-target" value="main" />
  </properties>
  <testcase classname="com.br.fabsolutionsw.luanareis.TestValores" name="testDel" time="0.005" />
  <testcase classname="com.br.fabsolutionsw.luanareis.TestValores" name="testIns" time="0.0" />
  <system-out><![CDATA[]]></system-out>
  <system-err><![CDATA[]]></system-err>
</testsuite>
